<?xml version="1.0" encoding="UTF-8"?>
<testsuite xmlns:xsi="http://www.w3.org/2001/XMLSchema-instance" xsi:noNamespaceSchemaLocation="https://maven.apache.org/surefire/maven-surefire-plugin/xsd/surefire-test-report.xsd" name="com.antipattern.detector.AntipatternDetector.ConcreteSpaghettiCodeDetectorTest" time="0.047" tests="2" errors="0" skipped="0" failures="0">
  <properties>
    <property name="java.specification.version" value="17"/>
    <property name="sun.cpu.isalist" value="amd64"/>
    <property name="sun.jnu.encoding" value="Cp1252"/>
    <property name="java.class.path" value="C:\Users\garhg\Desktop\582\AntiPatt (4)\AntiPatt (2)\AntiPatt\AntipatternDetector\target\test-classes;C:\Users\garhg\Desktop\582\AntiPatt (4)\AntiPatt (2)\AntiPatt\AntipatternDetector\target\classes;C:\Users\garhg\.m2\repository\org\junit\jupiter\junit-jupiter-engine\5.8.1\junit-jupiter-engine-5.8.1.jar;C:\Users\garhg\.m2\repository\org\junit\platform\junit-platform-engine\1.8.1\junit-platform-engine-1.8.1.jar;C:\Users\garhg\.m2\repository\org\opentest4j\opentest4j\1.2.0\opentest4j-1.2.0.jar;C:\Users\garhg\.m2\repository\org\junit\platform\junit-platform-commons\1.8.1\junit-platform-commons-1.8.1.jar;C:\Users\garhg\.m2\repository\org\junit\jupiter\junit-jupiter-api\5.8.1\junit-jupiter-api-5.8.1.jar;C:\Users\garhg\.m2\repository\org\apiguardian\apiguardian-api\1.1.2\apiguardian-api-1.1.2.jar;C:\Users\garhg\.m2\repository\junit\junit\4.13.2\junit-4.13.2.jar;C:\Users\garhg\.m2\repository\org\hamcrest\hamcrest-core\1.3\hamcrest-core-1.3.jar;C:\Users\garhg\.m2\repository\javax\javaee-api\8.0\javaee-api-8.0.jar;C:\Users\garhg\.m2\repository\com\sun\mail\javax.mail\1.6.0\javax.mail-1.6.0.jar;C:\Users\garhg\.m2\repository\javax\activation\activation\1.1\activation-1.1.jar;C:\Users\garhg\.m2\repository\org\mockito\mockito-core\4.2.0\mockito-core-4.2.0.jar;C:\Users\garhg\.m2\repository\net\bytebuddy\byte-buddy\1.12.4\byte-buddy-1.12.4.jar;C:\Users\garhg\.m2\repository\net\bytebuddy\byte-buddy-agent\1.12.4\byte-buddy-agent-1.12.4.jar;C:\Users\garhg\.m2\repository\org\objenesis\objenesis\3.2\objenesis-3.2.jar;C:\Users\garhg\.m2\repository\com\puppycrawl\tools\checkstyle\10.4\checkstyle-10.4.jar;C:\Users\garhg\.m2\repository\info\picocli\picocli\4.6.3\picocli-4.6.3.jar;C:\Users\garhg\.m2\repository\org\antlr\antlr4-runtime\4.11.1\antlr4-runtime-4.11.1.jar;C:\Users\garhg\.m2\repository\commons-beanutils\commons-beanutils\1.9.4\commons-beanutils-1.9.4.jar;C:\Users\garhg\.m2\repository\commons-logging\commons-logging\1.2\commons-logging-1.2.jar;C:\Users\garhg\.m2\repository\commons-collections\commons-collections\3.2.2\commons-collections-3.2.2.jar;C:\Users\garhg\.m2\repository\com\google\guava\guava\31.1-jre\guava-31.1-jre.jar;C:\Users\garhg\.m2\repository\com\google\guava\failureaccess\1.0.1\failureaccess-1.0.1.jar;C:\Users\garhg\.m2\repository\com\google\guava\listenablefuture\9999.0-empty-to-avoid-conflict-with-guava\listenablefuture-9999.0-empty-to-avoid-conflict-with-guava.jar;C:\Users\garhg\.m2\repository\com\google\code\findbugs\jsr305\3.0.2\jsr305-3.0.2.jar;C:\Users\garhg\.m2\repository\com\google\errorprone\error_prone_annotations\2.11.0\error_prone_annotations-2.11.0.jar;C:\Users\garhg\.m2\repository\com\google\j2objc\j2objc-annotations\1.3\j2objc-annotations-1.3.jar;C:\Users\garhg\.m2\repository\org\reflections\reflections\0.10.2\reflections-0.10.2.jar;C:\Users\garhg\.m2\repository\org\javassist\javassist\3.28.0-GA\javassist-3.28.0-GA.jar;C:\Users\garhg\.m2\repository\org\slf4j\slf4j-api\1.7.32\slf4j-api-1.7.32.jar;C:\Users\garhg\.m2\repository\net\sf\saxon\Saxon-HE\11.4\Saxon-HE-11.4.jar;C:\Users\garhg\.m2\repository\org\xmlresolver\xmlresolver\4.4.3\xmlresolver-4.4.3.jar;C:\Users\garhg\.m2\repository\org\apache\httpcomponents\client5\httpclient5\5.1.3\httpclient5-5.1.3.jar;C:\Users\garhg\.m2\repository\org\apache\httpcomponents\core5\httpcore5-h2\5.1.3\httpcore5-h2-5.1.3.jar;C:\Users\garhg\.m2\repository\commons-codec\commons-codec\1.15\commons-codec-1.15.jar;C:\Users\garhg\.m2\repository\org\apache\httpcomponents\core5\httpcore5\5.1.3\httpcore5-5.1.3.jar;C:\Users\garhg\.m2\repository\org\xmlresolver\xmlresolver\4.4.3\xmlresolver-4.4.3-data.jar;C:\Users\garhg\.m2\repository\org\checkerframework\checker-qual\3.25.0\checker-qual-3.25.0.jar;"/>
    <property name="java.vm.vendor" value="Microsoft"/>
    <property name="sun.arch.data.model" value="64"/>
    <property name="user.variant" value=""/>
    <property name="java.vendor.url" value="https://www.microsoft.com"/>
    <property name="user.timezone" value="America/Los_Angeles"/>
    <property name="os.name" value="Windows 10"/>
    <property name="java.vm.specification.version" value="17"/>
    <property name="sun.java.launcher" value="SUN_STANDARD"/>
    <property name="user.country" value="US"/>
    <property name="sun.boot.library.path" value="C:\Program Files\Microsoft\jdk-17.0.6.10-hotspot\bin"/>
    <property name="sun.java.command" value="C:\Users\garhg\AppData\Local\Temp\surefire2025520436067887043\surefirebooter15114834652803275673.jar C:\Users\garhg\AppData\Local\Temp\surefire2025520436067887043 2023-03-31T19-29-29_410-jvmRun1 surefire3477764520781549770tmp surefire_08223720071679668525tmp"/>
    <property name="jdk.debug" value="release"/>
    <property name="surefire.test.class.path" value="C:\Users\garhg\Desktop\582\AntiPatt (4)\AntiPatt (2)\AntiPatt\AntipatternDetector\target\test-classes;C:\Users\garhg\Desktop\582\AntiPatt (4)\AntiPatt (2)\AntiPatt\AntipatternDetector\target\classes;C:\Users\garhg\.m2\repository\org\junit\jupiter\junit-jupiter-engine\5.8.1\junit-jupiter-engine-5.8.1.jar;C:\Users\garhg\.m2\repository\org\junit\platform\junit-platform-engine\1.8.1\junit-platform-engine-1.8.1.jar;C:\Users\garhg\.m2\repository\org\opentest4j\opentest4j\1.2.0\opentest4j-1.2.0.jar;C:\Users\garhg\.m2\repository\org\junit\platform\junit-platform-commons\1.8.1\junit-platform-commons-1.8.1.jar;C:\Users\garhg\.m2\repository\org\junit\jupiter\junit-jupiter-api\5.8.1\junit-jupiter-api-5.8.1.jar;C:\Users\garhg\.m2\repository\org\apiguardian\apiguardian-api\1.1.2\apiguardian-api-1.1.2.jar;C:\Users\garhg\.m2\repository\junit\junit\4.13.2\junit-4.13.2.jar;C:\Users\garhg\.m2\repository\org\hamcrest\hamcrest-core\1.3\hamcrest-core-1.3.jar;C:\Users\garhg\.m2\repository\javax\javaee-api\8.0\javaee-api-8.0.jar;C:\Users\garhg\.m2\repository\com\sun\mail\javax.mail\1.6.0\javax.mail-1.6.0.jar;C:\Users\garhg\.m2\repository\javax\activation\activation\1.1\activation-1.1.jar;C:\Users\garhg\.m2\repository\org\mockito\mockito-core\4.2.0\mockito-core-4.2.0.jar;C:\Users\garhg\.m2\repository\net\bytebuddy\byte-buddy\1.12.4\byte-buddy-1.12.4.jar;C:\Users\garhg\.m2\repository\net\bytebuddy\byte-buddy-agent\1.12.4\byte-buddy-agent-1.12.4.jar;C:\Users\garhg\.m2\repository\org\objenesis\objenesis\3.2\objenesis-3.2.jar;C:\Users\garhg\.m2\repository\com\puppycrawl\tools\checkstyle\10.4\checkstyle-10.4.jar;C:\Users\garhg\.m2\repository\info\picocli\picocli\4.6.3\picocli-4.6.3.jar;C:\Users\garhg\.m2\repository\org\antlr\antlr4-runtime\4.11.1\antlr4-runtime-4.11.1.jar;C:\Users\garhg\.m2\repository\commons-beanutils\commons-beanutils\1.9.4\commons-beanutils-1.9.4.jar;C:\Users\garhg\.m2\repository\commons-logging\commons-logging\1.2\commons-logging-1.2.jar;C:\Users\garhg\.m2\repository\commons-collections\commons-collections\3.2.2\commons-collections-3.2.2.jar;C:\Users\garhg\.m2\repository\com\google\guava\guava\31.1-jre\guava-31.1-jre.jar;C:\Users\garhg\.m2\repository\com\google\guava\failureaccess\1.0.1\failureaccess-1.0.1.jar;C:\Users\garhg\.m2\repository\com\google\guava\listenablefuture\9999.0-empty-to-avoid-conflict-with-guava\listenablefuture-9999.0-empty-to-avoid-conflict-with-guava.jar;C:\Users\garhg\.m2\repository\com\google\code\findbugs\jsr305\3.0.2\jsr305-3.0.2.jar;C:\Users\garhg\.m2\repository\com\google\errorprone\error_prone_annotations\2.11.0\error_prone_annotations-2.11.0.jar;C:\Users\garhg\.m2\repository\com\google\j2objc\j2objc-annotations\1.3\j2objc-annotations-1.3.jar;C:\Users\garhg\.m2\repository\org\reflections\reflections\0.10.2\reflections-0.10.2.jar;C:\Users\garhg\.m2\repository\org\javassist\javassist\3.28.0-GA\javassist-3.28.0-GA.jar;C:\Users\garhg\.m2\repository\org\slf4j\slf4j-api\1.7.32\slf4j-api-1.7.32.jar;C:\Users\garhg\.m2\repository\net\sf\saxon\Saxon-HE\11.4\Saxon-HE-11.4.jar;C:\Users\garhg\.m2\repository\org\xmlresolver\xmlresolver\4.4.3\xmlresolver-4.4.3.jar;C:\Users\garhg\.m2\repository\org\apache\httpcomponents\client5\httpclient5\5.1.3\httpclient5-5.1.3.jar;C:\Users\garhg\.m2\repository\org\apache\httpcomponents\core5\httpcore5-h2\5.1.3\httpcore5-h2-5.1.3.jar;C:\Users\garhg\.m2\repository\commons-codec\commons-codec\1.15\commons-codec-1.15.jar;C:\Users\garhg\.m2\repository\org\apache\httpcomponents\core5\httpcore5\5.1.3\httpcore5-5.1.3.jar;C:\Users\garhg\.m2\repository\org\xmlresolver\xmlresolver\4.4.3\xmlresolver-4.4.3-data.jar;C:\Users\garhg\.m2\repository\org\checkerframework\checker-qual\3.25.0\checker-qual-3.25.0.jar;"/>
    <property name="sun.cpu.endian" value="little"/>
    <property name="user.home" value="C:\Users\garhg"/>
    <property name="user.language" value="en"/>
    <property name="java.specification.vendor" value="Oracle Corporation"/>
    <property name="java.version.date" value="2023-01-17"/>
    <property name="java.home" value="C:\Program Files\Microsoft\jdk-17.0.6.10-hotspot"/>
    <property name="file.separator" value="\"/>
    <property name="basedir" value="C:\Users\garhg\Desktop\582\AntiPatt (4)\AntiPatt (2)\AntiPatt\AntipatternDetector"/>
    <property name="java.vm.compressedOopsMode" value="Zero based"/>
    <property name="line.separator" value="&#10;"/>
    <property name="java.vm.specification.vendor" value="Oracle Corporation"/>
    <property name="java.specification.name" value="Java Platform API Specification"/>
    <property name="surefire.real.class.path" value="C:\Users\garhg\AppData\Local\Temp\surefire2025520436067887043\surefirebooter15114834652803275673.jar"/>
    <property name="user.script" value=""/>
    <property name="sun.management.compiler" value="HotSpot 64-Bit Tiered Compilers"/>
    <property name="java.runtime.version" value="17.0.6+10-LTS"/>
    <property name="user.name" value="gsingh1"/>
    <property name="path.separator" value=";"/>
    <property name="os.version" value="10.0"/>
    <property name="java.runtime.name" value="OpenJDK Runtime Environment"/>
    <property name="file.encoding" value="Cp1252"/>
    <property name="java.vm.name" value="OpenJDK 64-Bit Server VM"/>
    <property name="java.vendor.version" value="Microsoft-7209853"/>
    <property name="localRepository" value="C:\Users\garhg\.m2\repository"/>
    <property name="java.vendor.url.bug" value="https://github.com/microsoft/openjdk/issues"/>
    <property name="java.io.tmpdir" value="C:\Users\garhg\AppData\Local\Temp\"/>
    <property name="idea.version" value="2021.3.3"/>
    <property name="java.version" value="17.0.6"/>
    <property name="user.dir" value="C:\Users\garhg\Desktop\582\AntiPatt (4)\AntiPatt (2)\AntiPatt\AntipatternDetector"/>
    <property name="os.arch" value="amd64"/>
    <property name="java.vm.specification.name" value="Java Virtual Machine Specification"/>
    <property name="sun.os.patch.level" value=""/>
    <property name="native.encoding" value="Cp1252"/>
    <property name="java.library.path" value="C:\Program Files\Microsoft\jdk-17.0.6.10-hotspot\bin;C:\Windows\Sun\Java\bin;C:\Windows\system32;C:\Windows;C:\Program Files\Microsoft\jdk-17.0.6.10-hotspot\bin;C:\Windows\system32;C:\Windows;C:\Windows\System32\Wbem;C:\Windows\System32\WindowsPowerShell\v1.0\;C:\Windows\System32\OpenSSH\;C:\Program Files\dotnet\;C:\Program Files\Microsoft SQL Server\130\Tools\Binn\;C:\Program Files\Microsoft SQL Server\Client SDK\ODBC\170\Tools\Binn\;C:\Program Files\Git\cmd;C:\Program Files\nodejs\;C:\Users\garhg\Downloads\gradle-7.6\bin;C:\Program Files\Java\jdk1.8.0_202\bin;C:\Program Files\Java\jre1.8.0_202\bin;C:\Users\garhg\AppData\Local\Programs\Python\Python310\Scripts\;C:\Users\garhg\AppData\Local\Programs\Python\Python310\;C:\Users\garhg\AppData\Local\Microsoft\WindowsApps;C:\Users\garhg\.dotnet\tools;C:\Users\garhg\AppData\Local\Programs\Azure Data Studio\bin;C:\Users\garhg\AppData\Roaming\npm;;."/>
    <property name="java.vm.info" value="mixed mode, sharing"/>
    <property name="java.vendor" value="Microsoft"/>
    <property name="java.vm.version" value="17.0.6+10-LTS"/>
    <property name="sun.io.unicode.encoding" value="UnicodeLittle"/>
    <property name="java.class.version" value="61.0"/>
  </properties>
  <testcase name="visitToken" classname="com.antipattern.detector.AntipatternDetector.ConcreteSpaghettiCodeDetectorTest" time="0.031"/>
  <testcase name="getAcceptableTokens" classname="com.antipattern.detector.AntipatternDetector.ConcreteSpaghettiCodeDetectorTest" time="0.004"/>
</testsuite>